<?xml version="1.0" encoding="UTF-8"?>
<!-- Generated by org.testng.reporters.JUnitReportReporter -->
<testsuite skipped="0" hostname="DESKTOP-KRLAL0I" name="com.project.Durgasoft8AMBatch.LinksTesting1" tests="1" failures="0" timestamp="04 Feb 2019 03:02:22 GMT" time="20.039" errors="0">
  <testcase name="linktesting1" time="20.039" classname="com.project.Durgasoft8AMBatch.LinksTesting1"/>
</testsuite> <!-- com.project.Durgasoft8AMBatch.LinksTesting1 -->
