<?xml version="1.0" encoding="UTF-8"?>
<!-- Generated by org.testng.reporters.JUnitReportReporter -->
<testsuite skipped="1" hostname="DESKTOP-KRLAL0I" name="com.project.Durgasoft8AMBatch.TC_006" tests="2" failures="0" timestamp="11 Feb 2019 03:00:37 GMT" time="23.406" errors="0">
  <testcase name="automationRegistration" time="23.406" classname="com.project.Durgasoft8AMBatch.TC_006"/>
  <testcase name="automationLogin" classname="com.project.Durgasoft8AMBatch.TC_006">
    <skipped/>
  </testcase> <!-- automationLogin -->
</testsuite> <!-- com.project.Durgasoft8AMBatch.TC_006 -->
