<?xml version="1.0" encoding="UTF-8"?>
<!-- Generated by org.testng.reporters.JUnitReportReporter -->
<testsuite skipped="0" hostname="DESKTOP-KRLAL0I" name="com.project.Durgasoft8AMBatch.TC_002" tests="1" failures="0" timestamp="30 Jan 2019 03:22:41 GMT" time="0.002" errors="0">
  <testcase name="f" time="0.002" classname="com.project.Durgasoft8AMBatch.TC_002"/>
</testsuite> <!-- com.project.Durgasoft8AMBatch.TC_002 -->
