<?xml version="1.0" encoding="UTF-8"?>
<!-- Generated by org.testng.reporters.JUnitReportReporter -->
<testsuite skipped="0" hostname="DESKTOP-KRLAL0I" name="com.project.Durgasoft8AMBatch.CheckBox1" tests="1" failures="0" timestamp="04 Feb 2019 03:01:18 GMT" time="14.781" errors="0">
  <testcase name="checkboxTest" time="14.781" classname="com.project.Durgasoft8AMBatch.CheckBox1"/>
</testsuite> <!-- com.project.Durgasoft8AMBatch.CheckBox1 -->
