<?xml version="1.0" encoding="UTF-8"?>
<!-- Generated by org.testng.reporters.JUnitReportReporter -->
<testsuite skipped="1" hostname="DESKTOP-KRLAL0I" name="com.project.Durgasoft8AMBatch.TC_003" tests="3" failures="0" timestamp="30 Jan 2019 03:22:41 GMT" time="0.009" errors="0">
  <testcase name="a" time="0.003" classname="com.project.Durgasoft8AMBatch.TC_003"/>
  <testcase name="f" time="0.006" classname="com.project.Durgasoft8AMBatch.TC_003"/>
  <testcase name="z" classname="com.project.Durgasoft8AMBatch.TC_003">
    <skipped/>
  </testcase> <!-- z -->
</testsuite> <!-- com.project.Durgasoft8AMBatch.TC_003 -->
